android/app/build/intermediates/manifest_merge_blame_file/debug/manifest-merger-blame-debug-report.txt
1<?xml version="1.0" encoding="utf-8"?>
2<manifest xmlns:android="http://schemas.android.com/apk/res/android"
3    package="com.pams"
4    android:versionCode="1"
5    android:versionName="1.0" >
6
7    <uses-sdk
8        android:minSdkVersion="21"
9        android:targetSdkVersion="33" />
10
11    <uses-permission android:name="android.permission.SYSTEM_ALERT_WINDOW" />
11-->src/debug/AndroidManifest.xml:5:5-77
11-->src/debug/AndroidManifest.xml:5:22-75
12    <uses-permission android:name="android.permission.INTERNET" />
12-->src/main/AndroidManifest.xml:3:5-67
12-->src/main/AndroidManifest.xml:3:22-64
13    <uses-permission android:name="android.permission.FOREGROUND_SERVICE" />
13-->src/main/AndroidManifest.xml:4:5-76
13-->src/main/AndroidManifest.xml:4:22-74
14    <uses-permission android:name="android.permission.RECEIVE_BOOT_COMPLETED" />
14-->src/main/AndroidManifest.xml:5:5-80
14-->src/main/AndroidManifest.xml:5:22-78
15    <uses-permission android:name="android.permission.POST_NOTIFICATIONS" />
15-->src/main/AndroidManifest.xml:6:5-77
15-->src/main/AndroidManifest.xml:6:22-74
16    <uses-permission android:name="android.permission.ACCESS_WIFI_STATE" />
16-->[com.facebook.flipper:flipper:0.125.0] AndroidManifest.xml:16:5-76
16-->[com.facebook.flipper:flipper:0.125.0] AndroidManifest.xml:16:22-73
17    <uses-permission android:name="android.permission.BIND_NOTIFICATION_LISTENER_SERVICE" />
17-->[:react-native-android-notification-listener] AndroidManifest.xml:9:5-93
17-->[:react-native-android-notification-listener] AndroidManifest.xml:9:22-90
18    <uses-permission android:name="android.permission.READ_PHONE_STATE" />
18-->[:react-native-android-notification-listener] AndroidManifest.xml:10:5-75
18-->[:react-native-android-notification-listener] AndroidManifest.xml:10:22-72
19    <uses-permission android:name="android.permission.WAKE_LOCK" />
19-->[:react-native-android-notification-listener] AndroidManifest.xml:12:5-68
19-->[:react-native-android-notification-listener] AndroidManifest.xml:12:22-65
20    <uses-permission android:name="android.permission.WRITE_EXTERNAL_STORAGE" />
20-->[:react-native-fs] AndroidManifest.xml:9:5-81
20-->[:react-native-fs] AndroidManifest.xml:9:22-78
21    <uses-permission android:name="android.permission.ACCESS_NETWORK_STATE" /> <!-- Required by older versions of Google Play services to create IID tokens -->
21-->[com.google.firebase:firebase-messaging:21.1.0] AndroidManifest.xml:22:5-79
21-->[com.google.firebase:firebase-messaging:21.1.0] AndroidManifest.xml:22:22-76
22    <uses-permission android:name="com.google.android.c2dm.permission.RECEIVE" /> <!-- for android -->
22-->[com.google.firebase:firebase-messaging:21.1.0] AndroidManifest.xml:25:5-82
22-->[com.google.firebase:firebase-messaging:21.1.0] AndroidManifest.xml:25:22-79
23    <!-- <uses-permission android:name="com.android.launcher.permission.READ_SETTINGS"/> -->
24    <!-- <uses-permission android:name="com.android.launcher.permission.WRITE_SETTINGS"/> -->
25    <!-- <uses-permission android:name="com.android.launcher.permission.INSTALL_SHORTCUT" /> -->
26    <!-- <uses-permission android:name="com.android.launcher.permission.UNINSTALL_SHORTCUT" /> -->
27    <!-- for Samsung -->
28    <uses-permission android:name="com.sec.android.provider.badge.permission.READ" />
28-->[me.leolin:ShortcutBadger:1.1.22] AndroidManifest.xml:19:5-86
28-->[me.leolin:ShortcutBadger:1.1.22] AndroidManifest.xml:19:22-83
29    <uses-permission android:name="com.sec.android.provider.badge.permission.WRITE" /> <!-- for htc -->
29-->[me.leolin:ShortcutBadger:1.1.22] AndroidManifest.xml:20:5-87
29-->[me.leolin:ShortcutBadger:1.1.22] AndroidManifest.xml:20:22-84
30    <uses-permission android:name="com.htc.launcher.permission.READ_SETTINGS" />
30-->[me.leolin:ShortcutBadger:1.1.22] AndroidManifest.xml:23:5-81
30-->[me.leolin:ShortcutBadger:1.1.22] AndroidManifest.xml:23:22-78
31    <uses-permission android:name="com.htc.launcher.permission.UPDATE_SHORTCUT" /> <!-- for sony -->
31-->[me.leolin:ShortcutBadger:1.1.22] AndroidManifest.xml:24:5-83
31-->[me.leolin:ShortcutBadger:1.1.22] AndroidManifest.xml:24:22-80
32    <uses-permission android:name="com.sonyericsson.home.permission.BROADCAST_BADGE" />
32-->[me.leolin:ShortcutBadger:1.1.22] AndroidManifest.xml:27:5-88
32-->[me.leolin:ShortcutBadger:1.1.22] AndroidManifest.xml:27:22-85
33    <uses-permission android:name="com.sonymobile.home.permission.PROVIDER_INSERT_BADGE" /> <!-- for apex -->
33-->[me.leolin:ShortcutBadger:1.1.22] AndroidManifest.xml:28:5-92
33-->[me.leolin:ShortcutBadger:1.1.22] AndroidManifest.xml:28:22-89
34    <uses-permission android:name="com.anddoes.launcher.permission.UPDATE_COUNT" /> <!-- for solid -->
34-->[me.leolin:ShortcutBadger:1.1.22] AndroidManifest.xml:31:5-84
34-->[me.leolin:ShortcutBadger:1.1.22] AndroidManifest.xml:31:22-81
35    <uses-permission android:name="com.majeur.launcher.permission.UPDATE_BADGE" /> <!-- for huawei -->
35-->[me.leolin:ShortcutBadger:1.1.22] AndroidManifest.xml:34:5-83
35-->[me.leolin:ShortcutBadger:1.1.22] AndroidManifest.xml:34:22-80
36    <uses-permission android:name="com.huawei.android.launcher.permission.CHANGE_BADGE" />
36-->[me.leolin:ShortcutBadger:1.1.22] AndroidManifest.xml:37:5-91
36-->[me.leolin:ShortcutBadger:1.1.22] AndroidManifest.xml:37:22-88
37    <uses-permission android:name="com.huawei.android.launcher.permission.READ_SETTINGS" />
37-->[me.leolin:ShortcutBadger:1.1.22] AndroidManifest.xml:38:5-92
37-->[me.leolin:ShortcutBadger:1.1.22] AndroidManifest.xml:38:22-89
38    <uses-permission android:name="com.huawei.android.launcher.permission.WRITE_SETTINGS" /> <!-- for ZUK -->
38-->[me.leolin:ShortcutBadger:1.1.22] AndroidManifest.xml:39:5-93
38-->[me.leolin:ShortcutBadger:1.1.22] AndroidManifest.xml:39:22-90
39    <uses-permission android:name="android.permission.READ_APP_BADGE" /> <!-- for OPPO -->
39-->[me.leolin:ShortcutBadger:1.1.22] AndroidManifest.xml:42:5-73
39-->[me.leolin:ShortcutBadger:1.1.22] AndroidManifest.xml:42:22-70
40    <uses-permission android:name="com.oppo.launcher.permission.READ_SETTINGS" />
40-->[me.leolin:ShortcutBadger:1.1.22] AndroidManifest.xml:45:5-82
40-->[me.leolin:ShortcutBadger:1.1.22] AndroidManifest.xml:45:22-79
41    <uses-permission android:name="com.oppo.launcher.permission.WRITE_SETTINGS" /> <!-- for EvMe -->
41-->[me.leolin:ShortcutBadger:1.1.22] AndroidManifest.xml:46:5-83
41-->[me.leolin:ShortcutBadger:1.1.22] AndroidManifest.xml:46:22-80
42    <uses-permission android:name="me.everything.badger.permission.BADGE_COUNT_READ" />
42-->[me.leolin:ShortcutBadger:1.1.22] AndroidManifest.xml:49:5-88
42-->[me.leolin:ShortcutBadger:1.1.22] AndroidManifest.xml:49:22-85
43    <uses-permission android:name="me.everything.badger.permission.BADGE_COUNT_WRITE" />
43-->[me.leolin:ShortcutBadger:1.1.22] AndroidManifest.xml:50:5-89
43-->[me.leolin:ShortcutBadger:1.1.22] AndroidManifest.xml:50:22-86
44
45    <application
45-->src/main/AndroidManifest.xml:10:5-30:19
46        android:name="com.pams.MainApplication"
46-->src/main/AndroidManifest.xml:11:7-38
47        android:allowBackup="false"
47-->src/main/AndroidManifest.xml:15:7-34
48        android:appComponentFactory="androidx.core.app.CoreComponentFactory"
48-->[androidx.core:core:1.7.0] AndroidManifest.xml:24:18-86
49        android:debuggable="true"
50        android:icon="@mipmap/ic_launcher"
50-->src/main/AndroidManifest.xml:13:7-41
51        android:label="@string/app_name"
51-->src/main/AndroidManifest.xml:12:7-39
52        android:roundIcon="@mipmap/ic_launcher_round"
52-->src/main/AndroidManifest.xml:14:7-52
53        android:theme="@style/AppTheme"
53-->src/main/AndroidManifest.xml:16:7-38
54        android:usesCleartextTraffic="true" >
54-->src/debug/AndroidManifest.xml:8:9-44
55        <activity
55-->src/debug/AndroidManifest.xml:11:9-111
56            android:name="com.facebook.react.devsupport.DevSettingsActivity"
56-->src/debug/AndroidManifest.xml:11:19-83
57            android:exported="false" />
57-->src/debug/AndroidManifest.xml:11:84-108
58        <activity
58-->src/main/AndroidManifest.xml:17:7-28:18
59            android:name="com.pams.MainActivity"
59-->src/main/AndroidManifest.xml:18:9-37
60            android:configChanges="keyboard|keyboardHidden|orientation|screenLayout|screenSize|smallestScreenSize|uiMode"
60-->src/main/AndroidManifest.xml:20:9-118
61            android:exported="true"
61-->src/main/AndroidManifest.xml:23:9-32
62            android:label="@string/app_name"
62-->src/main/AndroidManifest.xml:19:9-41
63            android:launchMode="singleTask"
63-->src/main/AndroidManifest.xml:21:9-40
64            android:windowSoftInputMode="adjustResize" >
64-->src/main/AndroidManifest.xml:22:9-51
65            <intent-filter>
65-->src/main/AndroidManifest.xml:24:9-27:25
66                <action android:name="android.intent.action.MAIN" />
66-->src/main/AndroidManifest.xml:25:13-65
66-->src/main/AndroidManifest.xml:25:21-62
67
68                <category android:name="android.intent.category.LAUNCHER" />
68-->src/main/AndroidManifest.xml:26:13-73
68-->src/main/AndroidManifest.xml:26:23-70
69            </intent-filter>
70        </activity>
71
72        <service android:name="com.voximplant.foregroundservice.VIForegroundService" >
72-->src/main/AndroidManifest.xml:29:9-97
72-->src/main/AndroidManifest.xml:29:18-85
73        </service>
74        <service
74-->[:react-native-android-notification-listener] AndroidManifest.xml:16:9-23:19
75            android:name="com.lesimoes.androidnotificationlistener.RNAndroidNotificationListener"
75-->[:react-native-android-notification-listener] AndroidManifest.xml:17:13-98
76            android:exported="true"
76-->[:react-native-android-notification-listener] AndroidManifest.xml:18:13-36
77            android:permission="android.permission.BIND_NOTIFICATION_LISTENER_SERVICE" >
77-->[:react-native-android-notification-listener] AndroidManifest.xml:19:13-87
78            <intent-filter>
78-->[:react-native-android-notification-listener] AndroidManifest.xml:20:13-22:29
79                <action android:name="android.service.notification.NotificationListenerService" />
79-->[:react-native-android-notification-listener] AndroidManifest.xml:21:17-99
79-->[:react-native-android-notification-listener] AndroidManifest.xml:21:25-96
80            </intent-filter>
81        </service>
82        <service android:name="com.lesimoes.androidnotificationlistener.RNAndroidNotificationListenerHeadlessJsTaskService" />
82-->[:react-native-android-notification-listener] AndroidManifest.xml:24:9-127
82-->[:react-native-android-notification-listener] AndroidManifest.xml:24:18-124
83
84        <receiver
84-->[:react-native-android-notification-listener] AndroidManifest.xml:26:9-36:20
85            android:name="com.lesimoes.androidnotificationlistener.BootUpReceiver"
85-->[:react-native-android-notification-listener] AndroidManifest.xml:27:13-83
86            android:enabled="true"
86-->[:react-native-android-notification-listener] AndroidManifest.xml:28:13-35
87            android:exported="true"
87-->[:react-native-android-notification-listener] AndroidManifest.xml:29:13-36
88            android:permission="android.permission.RECEIVE_BOOT_COMPLETED" >
88-->[:react-native-android-notification-listener] AndroidManifest.xml:30:13-75
89            <intent-filter>
89-->[:react-native-android-notification-listener] AndroidManifest.xml:31:13-35:29
90                <action android:name="android.intent.action.BOOT_COMPLETED" />
90-->[:react-native-android-notification-listener] AndroidManifest.xml:32:17-79
90-->[:react-native-android-notification-listener] AndroidManifest.xml:32:25-76
91
92                <category android:name="android.intent.category.DEFAULT" />
92-->[:react-native-android-notification-listener] AndroidManifest.xml:34:17-76
92-->[:react-native-android-notification-listener] AndroidManifest.xml:34:27-73
93            </intent-filter>
94        </receiver>
95        <receiver
95-->[com.google.firebase:firebase-messaging:21.1.0] AndroidManifest.xml:28:9-35:20
96            android:name="com.google.firebase.iid.FirebaseInstanceIdReceiver"
96-->[com.google.firebase:firebase-messaging:21.1.0] AndroidManifest.xml:29:13-78
97            android:exported="true"
97-->[com.google.firebase:firebase-messaging:21.1.0] AndroidManifest.xml:30:13-36
98            android:permission="com.google.android.c2dm.permission.SEND" >
98-->[com.google.firebase:firebase-messaging:21.1.0] AndroidManifest.xml:31:13-73
99            <intent-filter>
99-->[com.google.firebase:firebase-messaging:21.1.0] AndroidManifest.xml:32:13-34:29
100                <action android:name="com.google.android.c2dm.intent.RECEIVE" />
100-->[com.google.firebase:firebase-messaging:21.1.0] AndroidManifest.xml:33:17-81
100-->[com.google.firebase:firebase-messaging:21.1.0] AndroidManifest.xml:33:25-78
101            </intent-filter>
102        </receiver>
103        <!--
104             FirebaseMessagingService performs security checks at runtime,
105             but set to not exported to explicitly avoid allowing another app to call it.
106        -->
107        <service
107-->[com.google.firebase:firebase-messaging:21.1.0] AndroidManifest.xml:41:9-48:19
108            android:name="com.google.firebase.messaging.FirebaseMessagingService"
108-->[com.google.firebase:firebase-messaging:21.1.0] AndroidManifest.xml:42:13-82
109            android:directBootAware="true"
109-->[com.google.firebase:firebase-messaging:21.1.0] AndroidManifest.xml:43:13-43
110            android:exported="false" >
110-->[com.google.firebase:firebase-messaging:21.1.0] AndroidManifest.xml:44:13-37
111            <intent-filter android:priority="-500" >
111-->[com.google.firebase:firebase-messaging:21.1.0] AndroidManifest.xml:45:13-47:29
111-->[com.google.firebase:firebase-messaging:21.1.0] AndroidManifest.xml:45:28-51
112                <action android:name="com.google.firebase.MESSAGING_EVENT" />
112-->[com.google.firebase:firebase-messaging:21.1.0] AndroidManifest.xml:46:17-78
112-->[com.google.firebase:firebase-messaging:21.1.0] AndroidManifest.xml:46:25-75
113            </intent-filter>
114        </service>
115        <service
115-->[com.google.firebase:firebase-messaging:21.1.0] AndroidManifest.xml:49:9-55:19
116            android:name="com.google.firebase.components.ComponentDiscoveryService"
116-->[com.google.firebase:firebase-messaging:21.1.0] AndroidManifest.xml:50:13-84
117            android:directBootAware="true"
117-->[com.google.firebase:firebase-common:19.5.0] AndroidManifest.xml:35:13-43
118            android:exported="false" >
118-->[com.google.firebase:firebase-messaging:21.1.0] AndroidManifest.xml:51:13-37
119            <meta-data
119-->[com.google.firebase:firebase-messaging:21.1.0] AndroidManifest.xml:52:13-54:85
120                android:name="com.google.firebase.components:com.google.firebase.messaging.FirebaseMessagingRegistrar"
120-->[com.google.firebase:firebase-messaging:21.1.0] AndroidManifest.xml:53:17-119
121                android:value="com.google.firebase.components.ComponentRegistrar" />
121-->[com.google.firebase:firebase-messaging:21.1.0] AndroidManifest.xml:54:17-82
122            <meta-data
122-->[com.google.firebase:firebase-iid:21.1.0] AndroidManifest.xml:32:13-34:85
123                android:name="com.google.firebase.components:com.google.firebase.iid.Registrar"
123-->[com.google.firebase:firebase-iid:21.1.0] AndroidManifest.xml:33:17-96
124                android:value="com.google.firebase.components.ComponentRegistrar" />
124-->[com.google.firebase:firebase-iid:21.1.0] AndroidManifest.xml:34:17-82
125            <meta-data
125-->[com.google.firebase:firebase-datatransport:17.0.10] AndroidManifest.xml:28:13-30:85
126                android:name="com.google.firebase.components:com.google.firebase.datatransport.TransportRegistrar"
126-->[com.google.firebase:firebase-datatransport:17.0.10] AndroidManifest.xml:29:17-115
127                android:value="com.google.firebase.components.ComponentRegistrar" />
127-->[com.google.firebase:firebase-datatransport:17.0.10] AndroidManifest.xml:30:17-82
128            <meta-data
128-->[com.google.firebase:firebase-installations:16.3.5] AndroidManifest.xml:18:13-20:85
129                android:name="com.google.firebase.components:com.google.firebase.installations.FirebaseInstallationsRegistrar"
129-->[com.google.firebase:firebase-installations:16.3.5] AndroidManifest.xml:19:17-127
130                android:value="com.google.firebase.components.ComponentRegistrar" />
130-->[com.google.firebase:firebase-installations:16.3.5] AndroidManifest.xml:20:17-82
131            <!--
132                This registrar is not defined in the dynamic-module-support sdk itself to allow non-firebase
133                clients to use it as well, by defining this registrar in their own core/common library.
134            -->
135            <meta-data
135-->[com.google.firebase:firebase-common:19.5.0] AndroidManifest.xml:43:13-45:85
136                android:name="com.google.firebase.components:com.google.firebase.dynamicloading.DynamicLoadingRegistrar"
136-->[com.google.firebase:firebase-common:19.5.0] AndroidManifest.xml:44:17-121
137                android:value="com.google.firebase.components.ComponentRegistrar" />
137-->[com.google.firebase:firebase-common:19.5.0] AndroidManifest.xml:45:17-82
138        </service>
139
140        <provider
140-->[com.google.firebase:firebase-common:19.5.0] AndroidManifest.xml:26:9-31:39
141            android:name="com.google.firebase.provider.FirebaseInitProvider"
141-->[com.google.firebase:firebase-common:19.5.0] AndroidManifest.xml:27:13-77
142            android:authorities="com.pams.firebaseinitprovider"
142-->[com.google.firebase:firebase-common:19.5.0] AndroidManifest.xml:28:13-72
143            android:directBootAware="true"
143-->[com.google.firebase:firebase-common:19.5.0] AndroidManifest.xml:29:13-43
144            android:exported="false"
144-->[com.google.firebase:firebase-common:19.5.0] AndroidManifest.xml:30:13-37
145            android:initOrder="100" />
145-->[com.google.firebase:firebase-common:19.5.0] AndroidManifest.xml:31:13-36
146
147        <meta-data
147-->[com.google.android.gms:play-services-basement:17.0.0] AndroidManifest.xml:23:9-25:69
148            android:name="com.google.android.gms.version"
148-->[com.google.android.gms:play-services-basement:17.0.0] AndroidManifest.xml:24:13-58
149            android:value="@integer/google_play_services_version" />
149-->[com.google.android.gms:play-services-basement:17.0.0] AndroidManifest.xml:25:13-66
150
151        <provider
151-->[androidx.emoji2:emoji2:1.0.0] AndroidManifest.xml:26:9-34:20
152            android:name="androidx.startup.InitializationProvider"
152-->[androidx.emoji2:emoji2:1.0.0] AndroidManifest.xml:27:13-67
153            android:authorities="com.pams.androidx-startup"
153-->[androidx.emoji2:emoji2:1.0.0] AndroidManifest.xml:28:13-68
154            android:exported="false" >
154-->[androidx.emoji2:emoji2:1.0.0] AndroidManifest.xml:29:13-37
155            <meta-data
155-->[androidx.emoji2:emoji2:1.0.0] AndroidManifest.xml:31:13-33:52
156                android:name="androidx.emoji2.text.EmojiCompatInitializer"
156-->[androidx.emoji2:emoji2:1.0.0] AndroidManifest.xml:32:17-75
157                android:value="androidx.startup" />
157-->[androidx.emoji2:emoji2:1.0.0] AndroidManifest.xml:33:17-49
158            <meta-data
158-->[androidx.lifecycle:lifecycle-process:2.4.0] AndroidManifest.xml:31:13-33:52
159                android:name="androidx.lifecycle.ProcessLifecycleInitializer"
159-->[androidx.lifecycle:lifecycle-process:2.4.0] AndroidManifest.xml:32:17-78
160                android:value="androidx.startup" />
160-->[androidx.lifecycle:lifecycle-process:2.4.0] AndroidManifest.xml:33:17-49
161        </provider>
162
163        <service
163-->[com.google.android.datatransport:transport-backend-cct:2.3.3] AndroidManifest.xml:29:9-35:19
164            android:name="com.google.android.datatransport.runtime.backends.TransportBackendDiscovery"
164-->[com.google.android.datatransport:transport-backend-cct:2.3.3] AndroidManifest.xml:30:13-103
165            android:exported="false" >
165-->[com.google.android.datatransport:transport-backend-cct:2.3.3] AndroidManifest.xml:31:13-37
166            <meta-data
166-->[com.google.android.datatransport:transport-backend-cct:2.3.3] AndroidManifest.xml:32:13-34:39
167                android:name="backend:com.google.android.datatransport.cct.CctBackendFactory"
167-->[com.google.android.datatransport:transport-backend-cct:2.3.3] AndroidManifest.xml:33:17-94
168                android:value="cct" />
168-->[com.google.android.datatransport:transport-backend-cct:2.3.3] AndroidManifest.xml:34:17-36
169        </service>
170        <service
170-->[com.google.android.datatransport:transport-runtime:2.2.5] AndroidManifest.xml:26:9-30:19
171            android:name="com.google.android.datatransport.runtime.scheduling.jobscheduling.JobInfoSchedulerService"
171-->[com.google.android.datatransport:transport-runtime:2.2.5] AndroidManifest.xml:27:13-117
172            android:exported="false"
172-->[com.google.android.datatransport:transport-runtime:2.2.5] AndroidManifest.xml:28:13-37
173            android:permission="android.permission.BIND_JOB_SERVICE" >
173-->[com.google.android.datatransport:transport-runtime:2.2.5] AndroidManifest.xml:29:13-69
174        </service>
175
176        <receiver
176-->[com.google.android.datatransport:transport-runtime:2.2.5] AndroidManifest.xml:32:9-34:40
177            android:name="com.google.android.datatransport.runtime.scheduling.jobscheduling.AlarmManagerSchedulerBroadcastReceiver"
177-->[com.google.android.datatransport:transport-runtime:2.2.5] AndroidManifest.xml:33:13-132
178            android:exported="false" />
178-->[com.google.android.datatransport:transport-runtime:2.2.5] AndroidManifest.xml:34:13-37
179    </application>
180
181</manifest>